<?xml version="1.0" encoding="UTF-8"?>
<!-- Generated by org.testng.reporters.JUnitXMLReporter -->
<testsuite ignored="0" hostname="DESKTOP-972N72V" failures="1" tests="3" name="ErrorValidationTest" time="28.994" errors="0" timestamp="2024-09-29T20:07:27 IST">
  <testcase classname="productsEcommerceTest.ExommerceFuntionalTest.ErrorValidationTest" name="loginErrorValidation" time="0.493">
    <skipped/>
  </testcase> <!-- loginErrorValidation -->
  <testcase classname="productsEcommerceTest.ExommerceFuntionalTest.ErrorValidationTest" name="loginErrorValidation" time="0.773">
    <failure type="java.lang.AssertionError" message="expected [Incorrect email or password.] but found [Incorrect email or password]">
      <![CDATA[java.lang.AssertionError: expected [Incorrect email or password.] but found [Incorrect email or password]
at productsEcommerceTest.ExommerceFuntionalTest.ErrorValidationTest.loginErrorValidation(ErrorValidationTest.java:26)
at java.base/java.util.ArrayList.forEach(ArrayList.java:1597)
at java.base/java.util.concurrent.FutureTask.run(FutureTask.java:317)
at java.base/java.util.concurrent.ThreadPoolExecutor.runWorker(ThreadPoolExecutor.java:1144)
at java.base/java.util.concurrent.ThreadPoolExecutor$Worker.run(ThreadPoolExecutor.java:642)
at java.base/java.lang.Thread.run(Thread.java:1570)
... Removed 21 stack frames]]>
    </failure>
  </testcase> <!-- loginErrorValidation -->
  <testcase classname="productsEcommerceTest.ExommerceFuntionalTest.ErrorValidationTest" name="productErrorValidation" time="3.234"/>
</testsuite> <!-- ErrorValidationTest -->
