<?xml version="1.0" encoding="UTF-8"?>
<!-- Generated by org.testng.reporters.JUnitXMLReporter -->
<testsuite ignored="0" hostname="DESKTOP-972N72V" failures="1" tests="3" name="BaseModelTest" time="29.606" errors="0" timestamp="2024-09-29T20:07:27 IST">
  <testcase classname="productsEcommerceTest.ExommerceFuntionalTest.BaseModelToTest" name="submitOrder" time="4.355"/>
  <testcase classname="productsEcommerceTest.ExommerceFuntionalTest.BaseModelToTest" name="submitOrder" time="3.145">
    <failure type="java.lang.AssertionError" message="expected [true] but found [false]">
      <![CDATA[java.lang.AssertionError: expected [true] but found [false]
at productsEcommerceTest.ExommerceFuntionalTest.BaseModelToTest.submitOrder(BaseModelToTest.java:43)
at java.base/java.util.ArrayList.forEach(ArrayList.java:1597)
at java.base/java.util.concurrent.FutureTask.run(FutureTask.java:317)
at java.base/java.util.concurrent.ThreadPoolExecutor.runWorker(ThreadPoolExecutor.java:1144)
at java.base/java.util.concurrent.ThreadPoolExecutor$Worker.run(ThreadPoolExecutor.java:642)
at java.base/java.lang.Thread.run(Thread.java:1570)
... Removed 19 stack frames]]>
    </failure>
  </testcase> <!-- submitOrder -->
  <testcase classname="productsEcommerceTest.ExommerceFuntionalTest.BaseModelToTest" name="OrderHistoryPageTest" time="0.0">
    <skipped/>
  </testcase> <!-- OrderHistoryPageTest -->
</testsuite> <!-- BaseModelTest -->
