<!DOCTYPE html PUBLIC "-//W3C//DTD XHTML 1.1//EN" "https://www.w3.org/TR/xhtml11/DTD/xhtml11.dtd">
<html xmlns="https://www.w3.org/1999/xhtml">
<head>
<meta http-equiv="content-type" content="text/html; charset=UTF-8"/>
<title>TestNG Report</title>
<style type="text/css">table {margin-bottom:10px;border-collapse:collapse;empty-cells:show}th,td {border:1px solid #009;padding:.25em .5em}th {vertical-align:bottom}td {vertical-align:top}table a {font-weight:bold}.stripe td {background-color: #E6EBF9}.num {text-align:right}.passedodd td {background-color: #3F3}.passedeven td {background-color: #0A0}.skippedodd td {background-color: #DDD}.skippedeven td {background-color: #CCC}.failedodd td,.attn {background-color: #F33}.failedeven td,.stripe .attn {background-color: #D00}.stacktrace {white-space:pre;font-family:monospace}.totop {font-size:85%;text-align:center;border-bottom:2px solid #000}.invisible {display:none}</style>
</head>
<body>
<table>
<tr><th>Test</th><th># Passed</th><th># Skipped</th><th># Retried</th><th># Failed</th><th>Time (ms)</th><th>Included Groups</th><th>Excluded Groups</th></tr>
<tr><th colspan="8">Suite</th></tr>
<tr><td><a href="#t0">ErrorValidationTest</a></td><td class="num">1</td><td class="num">0</td><td class="num attn">1</td><td class="num attn">1</td><td class="num">28,994</td><td></td><td></td></tr>
<tr class="stripe"><td><a href="#t1">BaseModelTest</a></td><td class="num">1</td><td class="num attn">1</td><td class="num">0</td><td class="num attn">1</td><td class="num">29,606</td><td></td><td></td></tr>
<tr><th>Total</th><th class="num">2</th><th class="num attn">1</th><th class="num attn">1</th><th class="num attn">2</th><th class="num">58,600</th><th colspan="2"></th></tr>
</table>
<table id='summary'><thead><tr><th>Class</th><th>Method</th><th>Start</th><th>Time (ms)</th></tr></thead><tbody><tr><th colspan="4">Suite</th></tr></tbody><tbody id="t0"><tr><th colspan="4">ErrorValidationTest &#8212; failed</th></tr><tr class="failedeven"><td rowspan="1">productsEcommerceTest.ExommerceFuntionalTest.ErrorValidationTest</td><td><a href="#m0">loginErrorValidation</a></td><td rowspan="1">1727620637985</td><td rowspan="1">773</td></tr><tr><th colspan="4">ErrorValidationTest &#8212; retried</th></tr><tr class="retriedeven"><td rowspan="1">productsEcommerceTest.ExommerceFuntionalTest.ErrorValidationTest</td><td><a href="#m1">loginErrorValidation</a></td><td rowspan="1">1727620631787</td><td rowspan="1">493</td></tr><tr><th colspan="4">ErrorValidationTest &#8212; passed</th></tr><tr class="passedeven"><td rowspan="1">productsEcommerceTest.ExommerceFuntionalTest.ErrorValidationTest</td><td><a href="#m2">productErrorValidation</a></td><td rowspan="1">1727620643623</td><td rowspan="1">3234</td></tr></tbody>
<tbody id="t1"><tr><th colspan="4">BaseModelTest &#8212; failed</th></tr><tr class="failedeven"><td rowspan="1">productsEcommerceTest.ExommerceFuntionalTest.BaseModelToTest</td><td><a href="#m3">submitOrder</a></td><td rowspan="1">1727620644001</td><td rowspan="1">3145</td></tr><tr><th colspan="4">BaseModelTest &#8212; skipped</th></tr><tr class="skippedeven"><td rowspan="1">productsEcommerceTest.ExommerceFuntionalTest.BaseModelToTest</td><td><a href="#m4">OrderHistoryPageTest</a></td><td rowspan="1">1727620647656</td><td rowspan="1">0</td></tr><tr><th colspan="4">BaseModelTest &#8212; passed</th></tr><tr class="passedeven"><td rowspan="1">productsEcommerceTest.ExommerceFuntionalTest.BaseModelToTest</td><td><a href="#m5">submitOrder</a></td><td rowspan="1">1727620634043</td><td rowspan="1">4355</td></tr></tbody>
</table>
<h2>ErrorValidationTest</h2><h3 id="m0">productsEcommerceTest.ExommerceFuntionalTest.ErrorValidationTest#loginErrorValidation</h3><table class="result"><tr><th>Exception</th></tr><tr><td><div class="stacktrace">java.lang.AssertionError: expected [Incorrect email or password.] but found [Incorrect email or password]
	at productsEcommerceTest.ExommerceFuntionalTest.ErrorValidationTest.loginErrorValidation(ErrorValidationTest.java:26)
	at java.base/java.util.ArrayList.forEach(ArrayList.java:1597)
	at java.base/java.util.concurrent.FutureTask.run(FutureTask.java:317)
	at java.base/java.util.concurrent.ThreadPoolExecutor.runWorker(ThreadPoolExecutor.java:1144)
	at java.base/java.util.concurrent.ThreadPoolExecutor$Worker.run(ThreadPoolExecutor.java:642)
	at java.base/java.lang.Thread.run(Thread.java:1570)
... Removed 21 stack frames</div></td></tr></table><p class="totop"><a href="#summary">back to summary</a></p>
<h3 id="m1">productsEcommerceTest.ExommerceFuntionalTest.ErrorValidationTest#loginErrorValidation</h3><table class="result"><tr><th>Exception</th></tr><tr><td><div class="stacktrace">java.lang.AssertionError: expected [Incorrect email or password.] but found [Incorrect email or password]
	at productsEcommerceTest.ExommerceFuntionalTest.ErrorValidationTest.loginErrorValidation(ErrorValidationTest.java:26)
	at java.base/java.util.ArrayList.forEach(ArrayList.java:1597)
	at java.base/java.util.concurrent.FutureTask.run(FutureTask.java:317)
	at java.base/java.util.concurrent.ThreadPoolExecutor.runWorker(ThreadPoolExecutor.java:1144)
	at java.base/java.util.concurrent.ThreadPoolExecutor$Worker.run(ThreadPoolExecutor.java:642)
	at java.base/java.lang.Thread.run(Thread.java:1570)
... Removed 21 stack frames</div></td></tr></table><p class="totop"><a href="#summary">back to summary</a></p>
<h3 id="m2">productsEcommerceTest.ExommerceFuntionalTest.ErrorValidationTest#productErrorValidation</h3><table class="result"><tr><th class="invisible"/></tr></table><p class="totop"><a href="#summary">back to summary</a></p>
<h2>BaseModelTest</h2><h3 id="m3">productsEcommerceTest.ExommerceFuntionalTest.BaseModelToTest#submitOrder</h3><table class="result"><tr class="param"><th>Parameter #1</th></tr><tr class="param stripe"><td>{country=India, password=Naveen0071@, email=hnaveen@gmail.com, productName=ADIDAS ORIGINAL, key=Ind}</td></tr><tr><th>Exception</th></tr><tr><td><div class="stacktrace">java.lang.AssertionError: expected [true] but found [false]
	at productsEcommerceTest.ExommerceFuntionalTest.BaseModelToTest.submitOrder(BaseModelToTest.java:43)
	at java.base/java.util.ArrayList.forEach(ArrayList.java:1597)
	at java.base/java.util.concurrent.FutureTask.run(FutureTask.java:317)
	at java.base/java.util.concurrent.ThreadPoolExecutor.runWorker(ThreadPoolExecutor.java:1144)
	at java.base/java.util.concurrent.ThreadPoolExecutor$Worker.run(ThreadPoolExecutor.java:642)
	at java.base/java.lang.Thread.run(Thread.java:1570)
... Removed 19 stack frames</div></td></tr></table><p class="totop"><a href="#summary">back to summary</a></p>
<h3 id="m4">productsEcommerceTest.ExommerceFuntionalTest.BaseModelToTest#OrderHistoryPageTest</h3><table class="result"><tr><th>Exception</th></tr><tr><td><div class="stacktrace">java.lang.Throwable: Method productsEcommerceTest.ExommerceFuntionalTest.BaseModelToTest.OrderHistoryPageTest() on instance productsEcommerceTest.ExommerceFuntionalTest.BaseModelToTest@50b0bc4c depends on not successfully finished methods 
[productsEcommerceTest.ExommerceFuntionalTest.BaseModelToTest.submitOrder() on instance productsEcommerceTest.ExommerceFuntionalTest.BaseModelToTest@50b0bc4c]
	at java.base/java.util.ArrayList.forEach(ArrayList.java:1597)
	at java.base/java.util.concurrent.FutureTask.run(FutureTask.java:317)
	at java.base/java.util.concurrent.ThreadPoolExecutor.runWorker(ThreadPoolExecutor.java:1144)
	at java.base/java.util.concurrent.ThreadPoolExecutor$Worker.run(ThreadPoolExecutor.java:642)
	at java.base/java.lang.Thread.run(Thread.java:1570)
... Removed 8 stack frames</div></td></tr></table><p class="totop"><a href="#summary">back to summary</a></p>
<h3 id="m5">productsEcommerceTest.ExommerceFuntionalTest.BaseModelToTest#submitOrder</h3><table class="result"><tr class="param"><th>Parameter #1</th></tr><tr class="param stripe"><td>{country=Canada, password=John@0071, email=john.aran@gmail.com, productName=ZARA COAT 3, key=ca}</td></tr></table><p class="totop"><a href="#summary">back to summary</a></p>
</body>
</html>
